[DEBUG] 2017-01-22 19:29:33.340 [main] StandardServletEnvironment - Adding [servletConfigInitParams] PropertySource with lowest search precedence
[DEBUG] 2017-01-22 19:29:33.341 [main] StandardServletEnvironment - Adding [servletContextInitParams] PropertySource with lowest search precedence
[DEBUG] 2017-01-22 19:29:33.342 [main] StandardServletEnvironment - Adding [systemProperties] PropertySource with lowest search precedence
[DEBUG] 2017-01-22 19:29:33.342 [main] StandardServletEnvironment - Adding [systemEnvironment] PropertySource with lowest search precedence
[DEBUG] 2017-01-22 19:29:33.344 [main] StandardServletEnvironment - Initialized StandardServletEnvironment with PropertySources [servletConfigInitParams,servletContextInitParams,systemProperties,systemEnvironment]
[DEBUG] 2017-01-22 19:29:35.937 [main] StandardServletEnvironment - Adding [applicationConfig: [classpath:/application.properties]] PropertySource with search precedence immediately lower than [applicationConfigurationProperties]
[DEBUG] 2017-01-22 19:29:35.940 [main] StandardServletEnvironment - Removing [applicationConfigurationProperties] PropertySource
[DEBUG] 2017-01-22 19:29:35.941 [main] StandardServletEnvironment - Removing [defaultProperties] PropertySource
[DEBUG] 2017-01-22 19:29:37.002 [localhost-startStop-1] ContextLoader - Published root WebApplicationContext as ServletContext attribute with name [org.springframework.web.context.WebApplicationContext.ROOT]
[INFO ] 2017-01-22 19:29:37.003 [localhost-startStop-1] ContextLoader - Root WebApplicationContext: initialization completed in 3477 ms
[DEBUG] 2017-01-22 19:29:37.231 [localhost-startStop-1] StandardServletEnvironment - Adding [servletConfigInitParams] PropertySource with lowest search precedence
[DEBUG] 2017-01-22 19:29:37.231 [localhost-startStop-1] StandardServletEnvironment - Adding [servletContextInitParams] PropertySource with lowest search precedence
[DEBUG] 2017-01-22 19:29:37.232 [localhost-startStop-1] StandardServletEnvironment - Adding [systemProperties] PropertySource with lowest search precedence
[DEBUG] 2017-01-22 19:29:37.232 [localhost-startStop-1] StandardServletEnvironment - Adding [systemEnvironment] PropertySource with lowest search precedence
[DEBUG] 2017-01-22 19:29:37.233 [localhost-startStop-1] StandardServletEnvironment - Initialized StandardServletEnvironment with PropertySources [servletConfigInitParams,servletContextInitParams,systemProperties,systemEnvironment]
[DEBUG] 2017-01-22 19:29:37.251 [localhost-startStop-1] StandardServletEnvironment - Adding [servletConfigInitParams] PropertySource with lowest search precedence
[DEBUG] 2017-01-22 19:29:37.251 [localhost-startStop-1] StandardServletEnvironment - Adding [servletContextInitParams] PropertySource with lowest search precedence
[DEBUG] 2017-01-22 19:29:37.252 [localhost-startStop-1] StandardServletEnvironment - Adding [systemProperties] PropertySource with lowest search precedence
[DEBUG] 2017-01-22 19:29:37.252 [localhost-startStop-1] StandardServletEnvironment - Adding [systemEnvironment] PropertySource with lowest search precedence
[DEBUG] 2017-01-22 19:29:37.252 [localhost-startStop-1] StandardServletEnvironment - Initialized StandardServletEnvironment with PropertySources [servletConfigInitParams,servletContextInitParams,systemProperties,systemEnvironment]
[DEBUG] 2017-01-22 19:29:37.261 [localhost-startStop-1] StandardServletEnvironment - Adding [servletConfigInitParams] PropertySource with lowest search precedence
[DEBUG] 2017-01-22 19:29:37.262 [localhost-startStop-1] StandardServletEnvironment - Adding [servletContextInitParams] PropertySource with lowest search precedence
[DEBUG] 2017-01-22 19:29:37.262 [localhost-startStop-1] StandardServletEnvironment - Adding [systemProperties] PropertySource with lowest search precedence
[DEBUG] 2017-01-22 19:29:37.262 [localhost-startStop-1] StandardServletEnvironment - Adding [systemEnvironment] PropertySource with lowest search precedence
[DEBUG] 2017-01-22 19:29:37.262 [localhost-startStop-1] StandardServletEnvironment - Initialized StandardServletEnvironment with PropertySources [servletConfigInitParams,servletContextInitParams,systemProperties,systemEnvironment]
[DEBUG] 2017-01-22 19:29:37.289 [localhost-startStop-1] StandardServletEnvironment - Adding [servletConfigInitParams] PropertySource with lowest search precedence
[DEBUG] 2017-01-22 19:29:37.289 [localhost-startStop-1] StandardServletEnvironment - Adding [servletContextInitParams] PropertySource with lowest search precedence
[DEBUG] 2017-01-22 19:29:37.290 [localhost-startStop-1] StandardServletEnvironment - Adding [systemProperties] PropertySource with lowest search precedence
[DEBUG] 2017-01-22 19:29:37.290 [localhost-startStop-1] StandardServletEnvironment - Adding [systemEnvironment] PropertySource with lowest search precedence
[DEBUG] 2017-01-22 19:29:37.290 [localhost-startStop-1] StandardServletEnvironment - Initialized StandardServletEnvironment with PropertySources [servletConfigInitParams,servletContextInitParams,systemProperties,systemEnvironment]
[DEBUG] 2017-01-22 19:29:37.322 [localhost-startStop-1] StandardServletEnvironment - Adding [servletConfigInitParams] PropertySource with lowest search precedence
[DEBUG] 2017-01-22 19:29:37.322 [localhost-startStop-1] StandardServletEnvironment - Adding [servletContextInitParams] PropertySource with lowest search precedence
[DEBUG] 2017-01-22 19:29:37.323 [localhost-startStop-1] StandardServletEnvironment - Adding [systemProperties] PropertySource with lowest search precedence
[DEBUG] 2017-01-22 19:29:37.323 [localhost-startStop-1] StandardServletEnvironment - Adding [systemEnvironment] PropertySource with lowest search precedence
[DEBUG] 2017-01-22 19:29:37.323 [localhost-startStop-1] StandardServletEnvironment - Initialized StandardServletEnvironment with PropertySources [servletConfigInitParams,servletContextInitParams,systemProperties,systemEnvironment]
[DEBUG] 2017-01-22 19:29:40.187 [main] StandardServletEnvironment - Replacing [servletContextInitParams] PropertySource with [servletContextInitParams]
[DEBUG] 2017-01-22 19:29:40.779 [main] StandardServletEnvironment - Adding [servletConfigInitParams] PropertySource with lowest search precedence
[DEBUG] 2017-01-22 19:29:40.779 [main] StandardServletEnvironment - Adding [servletContextInitParams] PropertySource with lowest search precedence
[DEBUG] 2017-01-22 19:29:40.779 [main] StandardServletEnvironment - Adding [systemProperties] PropertySource with lowest search precedence
[DEBUG] 2017-01-22 19:29:40.779 [main] StandardServletEnvironment - Adding [systemEnvironment] PropertySource with lowest search precedence
[DEBUG] 2017-01-22 19:29:40.780 [main] StandardServletEnvironment - Initialized StandardServletEnvironment with PropertySources [servletConfigInitParams,servletContextInitParams,systemProperties,systemEnvironment]
[DEBUG] 2017-01-22 19:29:40.797 [main] StandardServletEnvironment - Adding [servletConfigInitParams] PropertySource with lowest search precedence
[DEBUG] 2017-01-22 19:29:40.797 [main] StandardServletEnvironment - Adding [servletContextInitParams] PropertySource with lowest search precedence
[DEBUG] 2017-01-22 19:29:40.797 [main] StandardServletEnvironment - Adding [systemProperties] PropertySource with lowest search precedence
[DEBUG] 2017-01-22 19:29:40.797 [main] StandardServletEnvironment - Adding [systemEnvironment] PropertySource with lowest search precedence
[DEBUG] 2017-01-22 19:29:40.797 [main] StandardServletEnvironment - Initialized StandardServletEnvironment with PropertySources [servletConfigInitParams,servletContextInitParams,systemProperties,systemEnvironment]
[DEBUG] 2017-01-22 19:29:40.799 [main] StandardServletEnvironment - Adding [servletConfigInitParams] PropertySource with lowest search precedence
[DEBUG] 2017-01-22 19:29:40.799 [main] StandardServletEnvironment - Adding [servletContextInitParams] PropertySource with lowest search precedence
[DEBUG] 2017-01-22 19:29:40.799 [main] StandardServletEnvironment - Adding [systemProperties] PropertySource with lowest search precedence
[DEBUG] 2017-01-22 19:29:40.799 [main] StandardServletEnvironment - Adding [systemEnvironment] PropertySource with lowest search precedence
[DEBUG] 2017-01-22 19:29:40.799 [main] StandardServletEnvironment - Initialized StandardServletEnvironment with PropertySources [servletConfigInitParams,servletContextInitParams,systemProperties,systemEnvironment]
[DEBUG] 2017-01-22 19:29:40.870 [main] StandardServletEnvironment - Adding [servletConfigInitParams] PropertySource with lowest search precedence
[DEBUG] 2017-01-22 19:29:40.870 [main] StandardServletEnvironment - Adding [servletContextInitParams] PropertySource with lowest search precedence
[DEBUG] 2017-01-22 19:29:40.870 [main] StandardServletEnvironment - Adding [systemProperties] PropertySource with lowest search precedence
[DEBUG] 2017-01-22 19:29:40.870 [main] StandardServletEnvironment - Adding [systemEnvironment] PropertySource with lowest search precedence
[DEBUG] 2017-01-22 19:29:40.871 [main] StandardServletEnvironment - Initialized StandardServletEnvironment with PropertySources [servletConfigInitParams,servletContextInitParams,systemProperties,systemEnvironment]
[DEBUG] 2017-01-22 19:29:40.896 [main] StandardServletEnvironment - Adding [servletConfigInitParams] PropertySource with lowest search precedence
[DEBUG] 2017-01-22 19:29:40.896 [main] StandardServletEnvironment - Adding [servletContextInitParams] PropertySource with lowest search precedence
[DEBUG] 2017-01-22 19:29:40.896 [main] StandardServletEnvironment - Adding [systemProperties] PropertySource with lowest search precedence
[DEBUG] 2017-01-22 19:29:40.896 [main] StandardServletEnvironment - Adding [systemEnvironment] PropertySource with lowest search precedence
[DEBUG] 2017-01-22 19:29:40.896 [main] StandardServletEnvironment - Initialized StandardServletEnvironment with PropertySources [servletConfigInitParams,servletContextInitParams,systemProperties,systemEnvironment]
[DEBUG] 2017-01-22 19:29:40.904 [main] StandardServletEnvironment - Adding [servletConfigInitParams] PropertySource with lowest search precedence
[DEBUG] 2017-01-22 19:29:40.904 [main] StandardServletEnvironment - Adding [servletContextInitParams] PropertySource with lowest search precedence
[DEBUG] 2017-01-22 19:29:40.904 [main] StandardServletEnvironment - Adding [systemProperties] PropertySource with lowest search precedence
[DEBUG] 2017-01-22 19:29:40.905 [main] StandardServletEnvironment - Adding [systemEnvironment] PropertySource with lowest search precedence
[DEBUG] 2017-01-22 19:29:40.905 [main] StandardServletEnvironment - Initialized StandardServletEnvironment with PropertySources [servletConfigInitParams,servletContextInitParams,systemProperties,systemEnvironment]
[DEBUG] 2017-01-22 19:29:40.914 [main] StandardServletEnvironment - Adding [servletConfigInitParams] PropertySource with lowest search precedence
[DEBUG] 2017-01-22 19:29:40.914 [main] StandardServletEnvironment - Adding [servletContextInitParams] PropertySource with lowest search precedence
[DEBUG] 2017-01-22 19:29:40.914 [main] StandardServletEnvironment - Adding [systemProperties] PropertySource with lowest search precedence
[DEBUG] 2017-01-22 19:29:40.914 [main] StandardServletEnvironment - Adding [systemEnvironment] PropertySource with lowest search precedence
[DEBUG] 2017-01-22 19:29:40.915 [main] StandardServletEnvironment - Initialized StandardServletEnvironment with PropertySources [servletConfigInitParams,servletContextInitParams,systemProperties,systemEnvironment]
[DEBUG] 2017-01-22 19:29:40.924 [main] StandardServletEnvironment - Adding [servletConfigInitParams] PropertySource with lowest search precedence
[DEBUG] 2017-01-22 19:29:40.924 [main] StandardServletEnvironment - Adding [servletContextInitParams] PropertySource with lowest search precedence
[DEBUG] 2017-01-22 19:29:40.924 [main] StandardServletEnvironment - Adding [systemProperties] PropertySource with lowest search precedence
[DEBUG] 2017-01-22 19:29:40.924 [main] StandardServletEnvironment - Adding [systemEnvironment] PropertySource with lowest search precedence
[DEBUG] 2017-01-22 19:29:40.925 [main] StandardServletEnvironment - Initialized StandardServletEnvironment with PropertySources [servletConfigInitParams,servletContextInitParams,systemProperties,systemEnvironment]
[DEBUG] 2017-01-22 19:29:40.933 [main] StandardServletEnvironment - Adding [servletConfigInitParams] PropertySource with lowest search precedence
[DEBUG] 2017-01-22 19:29:40.933 [main] StandardServletEnvironment - Adding [servletContextInitParams] PropertySource with lowest search precedence
[DEBUG] 2017-01-22 19:29:40.934 [main] StandardServletEnvironment - Adding [systemProperties] PropertySource with lowest search precedence
[DEBUG] 2017-01-22 19:29:40.935 [main] StandardServletEnvironment - Adding [systemEnvironment] PropertySource with lowest search precedence
[DEBUG] 2017-01-22 19:29:40.936 [main] StandardServletEnvironment - Initialized StandardServletEnvironment with PropertySources [servletConfigInitParams,servletContextInitParams,systemProperties,systemEnvironment]
[DEBUG] 2017-01-22 19:29:40.942 [main] StandardServletEnvironment - Adding [servletConfigInitParams] PropertySource with lowest search precedence
[DEBUG] 2017-01-22 19:29:40.943 [main] StandardServletEnvironment - Adding [servletContextInitParams] PropertySource with lowest search precedence
[DEBUG] 2017-01-22 19:29:40.944 [main] StandardServletEnvironment - Adding [systemProperties] PropertySource with lowest search precedence
[DEBUG] 2017-01-22 19:29:40.946 [main] StandardServletEnvironment - Adding [systemEnvironment] PropertySource with lowest search precedence
[DEBUG] 2017-01-22 19:29:40.946 [main] StandardServletEnvironment - Initialized StandardServletEnvironment with PropertySources [servletConfigInitParams,servletContextInitParams,systemProperties,systemEnvironment]
[DEBUG] 2017-01-22 19:29:40.952 [main] StandardServletEnvironment - Adding [servletConfigInitParams] PropertySource with lowest search precedence
[DEBUG] 2017-01-22 19:29:40.953 [main] StandardServletEnvironment - Adding [servletContextInitParams] PropertySource with lowest search precedence
[DEBUG] 2017-01-22 19:29:40.953 [main] StandardServletEnvironment - Adding [systemProperties] PropertySource with lowest search precedence
[DEBUG] 2017-01-22 19:29:40.955 [main] StandardServletEnvironment - Adding [systemEnvironment] PropertySource with lowest search precedence
[DEBUG] 2017-01-22 19:29:40.958 [main] StandardServletEnvironment - Initialized StandardServletEnvironment with PropertySources [servletConfigInitParams,servletContextInitParams,systemProperties,systemEnvironment]
[DEBUG] 2017-01-22 19:29:40.970 [main] StandardServletEnvironment - Adding [servletConfigInitParams] PropertySource with lowest search precedence
[DEBUG] 2017-01-22 19:29:40.971 [main] StandardServletEnvironment - Adding [servletContextInitParams] PropertySource with lowest search precedence
[DEBUG] 2017-01-22 19:29:40.971 [main] StandardServletEnvironment - Adding [systemProperties] PropertySource with lowest search precedence
[DEBUG] 2017-01-22 19:29:40.971 [main] StandardServletEnvironment - Adding [systemEnvironment] PropertySource with lowest search precedence
[DEBUG] 2017-01-22 19:29:40.972 [main] StandardServletEnvironment - Initialized StandardServletEnvironment with PropertySources [servletConfigInitParams,servletContextInitParams,systemProperties,systemEnvironment]
[DEBUG] 2017-01-22 19:29:41.440 [main] StandardServletEnvironment - Adding [servletConfigInitParams] PropertySource with lowest search precedence
[DEBUG] 2017-01-22 19:29:41.441 [main] StandardServletEnvironment - Adding [servletContextInitParams] PropertySource with lowest search precedence
[DEBUG] 2017-01-22 19:29:41.441 [main] StandardServletEnvironment - Adding [systemProperties] PropertySource with lowest search precedence
[DEBUG] 2017-01-22 19:29:41.441 [main] StandardServletEnvironment - Adding [systemEnvironment] PropertySource with lowest search precedence
[DEBUG] 2017-01-22 19:29:41.441 [main] StandardServletEnvironment - Initialized StandardServletEnvironment with PropertySources [servletConfigInitParams,servletContextInitParams,systemProperties,systemEnvironment]
[INFO ] 2017-01-22 19:29:41.630 [main] RequestMappingHandlerAdapter - Looking for @ControllerAdvice: org.springframework.boot.context.embedded.AnnotationConfigEmbeddedWebApplicationContext@27795647: startup date [Sun Jan 22 19:29:33 WIB 2017]; root of context hierarchy
[DEBUG] 2017-01-22 19:29:41.721 [main] RequestMappingHandlerMapping - Looking for request mappings in application context: org.springframework.boot.context.embedded.AnnotationConfigEmbeddedWebApplicationContext@27795647: startup date [Sun Jan 22 19:29:33 WIB 2017]; root of context hierarchy
[DEBUG] 2017-01-22 19:29:41.734 [main] RequestMappingHandlerMapping - 1 request handler methods found on class ari.com.hr.application.controller.LoginController: {public org.springframework.web.servlet.ModelAndView ari.com.hr.application.controller.LoginController.login(java.lang.String,java.lang.String)={[/login],methods=[GET]}}
[INFO ] 2017-01-22 19:29:41.735 [main] RequestMappingHandlerMapping - Mapped "{[/login],methods=[GET]}" onto public org.springframework.web.servlet.ModelAndView ari.com.hr.application.controller.LoginController.login(java.lang.String,java.lang.String)
[DEBUG] 2017-01-22 19:29:41.737 [main] RequestMappingHandlerMapping - 1 request handler methods found on class ari.com.hr.application.controller.LogoutController: {public java.lang.String ari.com.hr.application.controller.LogoutController.logout(javax.servlet.http.HttpServletRequest,javax.servlet.http.HttpServletResponse)={[/logout]}}
[INFO ] 2017-01-22 19:29:41.738 [main] RequestMappingHandlerMapping - Mapped "{[/logout]}" onto public java.lang.String ari.com.hr.application.controller.LogoutController.logout(javax.servlet.http.HttpServletRequest,javax.servlet.http.HttpServletResponse)
[DEBUG] 2017-01-22 19:29:41.745 [main] RequestMappingHandlerMapping - 4 request handler methods found on class ari.com.hr.application.controller.authorization.AuthorizationController: {public void ari.com.hr.application.controller.authorization.AuthorizationController.authorizationSave()={[/V1/Authorization/Save],methods=[POST]}, public void ari.com.hr.application.controller.authorization.AuthorizationController.authorizationEdit()={[/V1/Authorization/Edit]}, public void ari.com.hr.application.controller.authorization.AuthorizationController.authorizationDelete()={[/V1/Authorization/Delete]}, public org.springframework.data.domain.Page ari.com.hr.application.controller.authorization.AuthorizationController.index(org.springframework.data.domain.Pageable)={[/V1/Authorization],methods=[GET]}}
[INFO ] 2017-01-22 19:29:41.745 [main] RequestMappingHandlerMapping - Mapped "{[/V1/Authorization/Save],methods=[POST]}" onto public void ari.com.hr.application.controller.authorization.AuthorizationController.authorizationSave()
[INFO ] 2017-01-22 19:29:41.745 [main] RequestMappingHandlerMapping - Mapped "{[/V1/Authorization/Edit]}" onto public void ari.com.hr.application.controller.authorization.AuthorizationController.authorizationEdit()
[INFO ] 2017-01-22 19:29:41.746 [main] RequestMappingHandlerMapping - Mapped "{[/V1/Authorization/Delete]}" onto public void ari.com.hr.application.controller.authorization.AuthorizationController.authorizationDelete()
[INFO ] 2017-01-22 19:29:41.746 [main] RequestMappingHandlerMapping - Mapped "{[/V1/Authorization],methods=[GET]}" onto public org.springframework.data.domain.Page<ari.com.hr.application.model.SysAuthorization> ari.com.hr.application.controller.authorization.AuthorizationController.index(org.springframework.data.domain.Pageable)
[DEBUG] 2017-01-22 19:29:41.747 [main] RequestMappingHandlerMapping - 2 request handler methods found on class ari.com.hr.application.controller.dashboard.DashBoardController: {public java.lang.String ari.com.hr.application.controller.dashboard.DashBoardController.dashboard()={[/Dashboard/V1]}, public java.lang.String ari.com.hr.application.controller.dashboard.DashBoardController.dashboard2()={[/Dashboard/V2]}}
[INFO ] 2017-01-22 19:29:41.747 [main] RequestMappingHandlerMapping - Mapped "{[/Dashboard/V1]}" onto public java.lang.String ari.com.hr.application.controller.dashboard.DashBoardController.dashboard()
[INFO ] 2017-01-22 19:29:41.747 [main] RequestMappingHandlerMapping - Mapped "{[/Dashboard/V2]}" onto public java.lang.String ari.com.hr.application.controller.dashboard.DashBoardController.dashboard2()
[DEBUG] 2017-01-22 19:29:41.750 [main] RequestMappingHandlerMapping - 2 request handler methods found on class org.springframework.boot.autoconfigure.web.BasicErrorController: {public org.springframework.web.servlet.ModelAndView org.springframework.boot.autoconfigure.web.BasicErrorController.errorHtml(javax.servlet.http.HttpServletRequest,javax.servlet.http.HttpServletResponse)={[/error],produces=[text/html]}, public org.springframework.http.ResponseEntity org.springframework.boot.autoconfigure.web.BasicErrorController.error(javax.servlet.http.HttpServletRequest)={[/error]}}
[INFO ] 2017-01-22 19:29:41.750 [main] RequestMappingHandlerMapping - Mapped "{[/error],produces=[text/html]}" onto public org.springframework.web.servlet.ModelAndView org.springframework.boot.autoconfigure.web.BasicErrorController.errorHtml(javax.servlet.http.HttpServletRequest,javax.servlet.http.HttpServletResponse)
[INFO ] 2017-01-22 19:29:41.750 [main] RequestMappingHandlerMapping - Mapped "{[/error]}" onto public org.springframework.http.ResponseEntity<java.util.Map<java.lang.String, java.lang.Object>> org.springframework.boot.autoconfigure.web.BasicErrorController.error(javax.servlet.http.HttpServletRequest)
[DEBUG] 2017-01-22 19:29:41.780 [main] BeanNameUrlHandlerMapping - Looking for URL mappings in application context: org.springframework.boot.context.embedded.AnnotationConfigEmbeddedWebApplicationContext@27795647: startup date [Sun Jan 22 19:29:33 WIB 2017]; root of context hierarchy
[DEBUG] 2017-01-22 19:29:41.780 [main] BeanNameUrlHandlerMapping - Rejected bean name 'org.springframework.context.annotation.internalConfigurationAnnotationProcessor': no URL paths identified
[DEBUG] 2017-01-22 19:29:41.780 [main] BeanNameUrlHandlerMapping - Rejected bean name 'org.springframework.context.annotation.internalAutowiredAnnotationProcessor': no URL paths identified
[DEBUG] 2017-01-22 19:29:41.780 [main] BeanNameUrlHandlerMapping - Rejected bean name 'org.springframework.context.annotation.internalRequiredAnnotationProcessor': no URL paths identified
[DEBUG] 2017-01-22 19:29:41.780 [main] BeanNameUrlHandlerMapping - Rejected bean name 'org.springframework.context.annotation.internalCommonAnnotationProcessor': no URL paths identified
[DEBUG] 2017-01-22 19:29:41.780 [main] BeanNameUrlHandlerMapping - Rejected bean name 'org.springframework.context.annotation.internalPersistenceAnnotationProcessor': no URL paths identified
[DEBUG] 2017-01-22 19:29:41.781 [main] BeanNameUrlHandlerMapping - Rejected bean name 'org.springframework.context.event.internalEventListenerProcessor': no URL paths identified
[DEBUG] 2017-01-22 19:29:41.782 [main] BeanNameUrlHandlerMapping - Rejected bean name 'org.springframework.context.event.internalEventListenerFactory': no URL paths identified
[DEBUG] 2017-01-22 19:29:41.782 [main] BeanNameUrlHandlerMapping - Rejected bean name 'hrApplicationWithSpringApplication': no URL paths identified
[DEBUG] 2017-01-22 19:29:41.789 [main] BeanNameUrlHandlerMapping - Rejected bean name 'org.springframework.boot.autoconfigure.internalCachingMetadataReaderFactory': no URL paths identified
[DEBUG] 2017-01-22 19:29:41.789 [main] BeanNameUrlHandlerMapping - Rejected bean name 'org.springframework.context.annotation.ConfigurationClassPostProcessor.importAwareProcessor': no URL paths identified
[DEBUG] 2017-01-22 19:29:41.789 [main] BeanNameUrlHandlerMapping - Rejected bean name 'org.springframework.context.annotation.ConfigurationClassPostProcessor.enhancedConfigurationProcessor': no URL paths identified
[DEBUG] 2017-01-22 19:29:41.790 [main] BeanNameUrlHandlerMapping - Rejected bean name 'configurationSecurity': no URL paths identified
[DEBUG] 2017-01-22 19:29:41.790 [main] BeanNameUrlHandlerMapping - Rejected bean name 'configurationWeb': no URL paths identified
[DEBUG] 2017-01-22 19:29:41.790 [main] BeanNameUrlHandlerMapping - Rejected bean name 'loginController': no URL paths identified
[DEBUG] 2017-01-22 19:29:41.790 [main] BeanNameUrlHandlerMapping - Rejected bean name 'logoutController': no URL paths identified
[DEBUG] 2017-01-22 19:29:41.790 [main] BeanNameUrlHandlerMapping - Rejected bean name 'authorizationController': no URL paths identified
[DEBUG] 2017-01-22 19:29:41.790 [main] BeanNameUrlHandlerMapping - Rejected bean name 'dashBoardController': no URL paths identified
[DEBUG] 2017-01-22 19:29:41.790 [main] BeanNameUrlHandlerMapping - Rejected bean name 'org.springframework.security.config.annotation.authentication.configuration.AuthenticationConfiguration': no URL paths identified
[DEBUG] 2017-01-22 19:29:41.790 [main] BeanNameUrlHandlerMapping - Rejected bean name 'authenticationManagerBuilder': no URL paths identified
[DEBUG] 2017-01-22 19:29:41.790 [main] BeanNameUrlHandlerMapping - Rejected bean name 'enableGlobalAuthenticationAutowiredConfigurer': no URL paths identified
[DEBUG] 2017-01-22 19:29:41.790 [main] BeanNameUrlHandlerMapping - Rejected bean name 'initializeUserDetailsBeanManagerConfigurer': no URL paths identified
[DEBUG] 2017-01-22 19:29:41.790 [main] BeanNameUrlHandlerMapping - Rejected bean name 'initializeAuthenticationProviderBeanManagerConfigurer': no URL paths identified
[DEBUG] 2017-01-22 19:29:41.790 [main] BeanNameUrlHandlerMapping - Rejected bean name 'org.springframework.security.config.annotation.web.configuration.WebSecurityConfiguration': no URL paths identified
[DEBUG] 2017-01-22 19:29:41.791 [main] BeanNameUrlHandlerMapping - Rejected bean name 'delegatingApplicationListener': no URL paths identified
[DEBUG] 2017-01-22 19:29:41.791 [main] BeanNameUrlHandlerMapping - Rejected bean name 'webSecurityExpressionHandler': no URL paths identified
[DEBUG] 2017-01-22 19:29:41.791 [main] BeanNameUrlHandlerMapping - Rejected bean name 'springSecurityFilterChain': no URL paths identified
[DEBUG] 2017-01-22 19:29:41.791 [main] BeanNameUrlHandlerMapping - Rejected bean name 'privilegeEvaluator': no URL paths identified
[DEBUG] 2017-01-22 19:29:41.791 [main] BeanNameUrlHandlerMapping - Rejected bean name 'autowiredWebSecurityConfigurersIgnoreParents': no URL paths identified
[DEBUG] 2017-01-22 19:29:41.791 [main] BeanNameUrlHandlerMapping - Rejected bean name 'org.springframework.security.config.annotation.configuration.ObjectPostProcessorConfiguration': no URL paths identified
[DEBUG] 2017-01-22 19:29:41.792 [main] BeanNameUrlHandlerMapping - Rejected bean name 'objectPostProcessor': no URL paths identified
[DEBUG] 2017-01-22 19:29:41.792 [main] BeanNameUrlHandlerMapping - Rejected bean name 'org.springframework.security.config.annotation.web.configuration.WebMvcSecurityConfiguration': no URL paths identified
[DEBUG] 2017-01-22 19:29:41.792 [main] BeanNameUrlHandlerMapping - Rejected bean name 'requestDataValueProcessor': no URL paths identified
[DEBUG] 2017-01-22 19:29:41.792 [main] BeanNameUrlHandlerMapping - Rejected bean name 'helloFilterRegistrationBean': no URL paths identified
[DEBUG] 2017-01-22 19:29:41.792 [main] BeanNameUrlHandlerMapping - Rejected bean name 'org.springframework.boot.autoconfigure.AutoConfigurationPackages': no URL paths identified
[DEBUG] 2017-01-22 19:29:41.792 [main] BeanNameUrlHandlerMapping - Rejected bean name 'org.springframework.boot.autoconfigure.PropertyPlaceholderAutoConfiguration': no URL paths identified
[DEBUG] 2017-01-22 19:29:41.792 [main] BeanNameUrlHandlerMapping - Rejected bean name 'org.springframework.boot.autoconfigure.condition.BeanTypeRegistry': no URL paths identified
[DEBUG] 2017-01-22 19:29:41.792 [main] BeanNameUrlHandlerMapping - Rejected bean name 'propertySourcesPlaceholderConfigurer': no URL paths identified
[DEBUG] 2017-01-22 19:29:41.792 [main] BeanNameUrlHandlerMapping - Rejected bean name 'org.springframework.boot.autoconfigure.jackson.JacksonAutoConfiguration$Jackson2ObjectMapperBuilderCustomizerConfiguration': no URL paths identified
[DEBUG] 2017-01-22 19:29:41.792 [main] BeanNameUrlHandlerMapping - Rejected bean name 'standardJacksonObjectMapperBuilderCustomizer': no URL paths identified
[DEBUG] 2017-01-22 19:29:41.793 [main] BeanNameUrlHandlerMapping - Rejected bean name 'spring.jackson-org.springframework.boot.autoconfigure.jackson.JacksonProperties': no URL paths identified
[DEBUG] 2017-01-22 19:29:41.793 [main] BeanNameUrlHandlerMapping - Rejected bean name 'org.springframework.boot.context.properties.ConfigurationPropertiesBindingPostProcessor': no URL paths identified
[DEBUG] 2017-01-22 19:29:41.793 [main] BeanNameUrlHandlerMapping - Rejected bean name 'org.springframework.boot.context.properties.ConfigurationPropertiesBindingPostProcessor.store': no URL paths identified
[DEBUG] 2017-01-22 19:29:41.793 [main] BeanNameUrlHandlerMapping - Rejected bean name 'org.springframework.boot.autoconfigure.jackson.JacksonAutoConfiguration$JacksonObjectMapperBuilderConfiguration': no URL paths identified
[DEBUG] 2017-01-22 19:29:41.794 [main] BeanNameUrlHandlerMapping - Rejected bean name 'jacksonObjectMapperBuilder': no URL paths identified
[DEBUG] 2017-01-22 19:29:41.794 [main] BeanNameUrlHandlerMapping - Rejected bean name 'org.springframework.boot.autoconfigure.jackson.JacksonAutoConfiguration$JacksonObjectMapperConfiguration': no URL paths identified
[DEBUG] 2017-01-22 19:29:41.794 [main] BeanNameUrlHandlerMapping - Rejected bean name 'jacksonObjectMapper': no URL paths identified
[DEBUG] 2017-01-22 19:29:41.794 [main] BeanNameUrlHandlerMapping - Rejected bean name 'org.springframework.boot.autoconfigure.jackson.JacksonAutoConfiguration': no URL paths identified
[DEBUG] 2017-01-22 19:29:41.794 [main] BeanNameUrlHandlerMapping - Rejected bean name 'jsonComponentModule': no URL paths identified
[DEBUG] 2017-01-22 19:29:41.794 [main] BeanNameUrlHandlerMapping - Rejected bean name 'org.springframework.boot.autoconfigure.websocket.WebSocketAutoConfiguration$TomcatWebSocketConfiguration': no URL paths identified
[DEBUG] 2017-01-22 19:29:41.794 [main] BeanNameUrlHandlerMapping - Rejected bean name 'websocketContainerCustomizer': no URL paths identified
[DEBUG] 2017-01-22 19:29:41.794 [main] BeanNameUrlHandlerMapping - Rejected bean name 'org.springframework.boot.autoconfigure.websocket.WebSocketAutoConfiguration': no URL paths identified
[DEBUG] 2017-01-22 19:29:41.794 [main] BeanNameUrlHandlerMapping - Rejected bean name 'org.springframework.boot.autoconfigure.web.EmbeddedServletContainerAutoConfiguration$EmbeddedTomcat': no URL paths identified
[DEBUG] 2017-01-22 19:29:41.794 [main] BeanNameUrlHandlerMapping - Rejected bean name 'tomcatEmbeddedServletContainerFactory': no URL paths identified
[DEBUG] 2017-01-22 19:29:41.795 [main] BeanNameUrlHandlerMapping - Rejected bean name 'org.springframework.boot.autoconfigure.web.EmbeddedServletContainerAutoConfiguration': no URL paths identified
[DEBUG] 2017-01-22 19:29:41.795 [main] BeanNameUrlHandlerMapping - Rejected bean name 'embeddedServletContainerCustomizerBeanPostProcessor': no URL paths identified
[DEBUG] 2017-01-22 19:29:41.795 [main] BeanNameUrlHandlerMapping - Rejected bean name 'errorPageRegistrarBeanPostProcessor': no URL paths identified
[DEBUG] 2017-01-22 19:29:41.795 [main] BeanNameUrlHandlerMapping - Rejected bean name 'org.springframework.boot.autoconfigure.web.DispatcherServletAutoConfiguration$DispatcherServletConfiguration': no URL paths identified
[DEBUG] 2017-01-22 19:29:41.795 [main] BeanNameUrlHandlerMapping - Rejected bean name 'dispatcherServlet': no URL paths identified
[DEBUG] 2017-01-22 19:29:41.795 [main] BeanNameUrlHandlerMapping - Rejected bean name 'spring.mvc-org.springframework.boot.autoconfigure.web.WebMvcProperties': no URL paths identified
[DEBUG] 2017-01-22 19:29:41.795 [main] BeanNameUrlHandlerMapping - Rejected bean name 'org.springframework.boot.autoconfigure.web.DispatcherServletAutoConfiguration$DispatcherServletRegistrationConfiguration': no URL paths identified
[DEBUG] 2017-01-22 19:29:41.795 [main] BeanNameUrlHandlerMapping - Rejected bean name 'dispatcherServletRegistration': no URL paths identified
[DEBUG] 2017-01-22 19:29:41.795 [main] BeanNameUrlHandlerMapping - Rejected bean name 'org.springframework.boot.autoconfigure.web.DispatcherServletAutoConfiguration': no URL paths identified
[DEBUG] 2017-01-22 19:29:41.795 [main] BeanNameUrlHandlerMapping - Rejected bean name 'org.springframework.boot.autoconfigure.web.ErrorMvcAutoConfiguration$WhitelabelErrorViewConfiguration': no URL paths identified
[DEBUG] 2017-01-22 19:29:41.795 [main] BeanNameUrlHandlerMapping - Rejected bean name 'error': no URL paths identified
[DEBUG] 2017-01-22 19:29:41.795 [main] BeanNameUrlHandlerMapping - Rejected bean name 'beanNameViewResolver': no URL paths identified
[DEBUG] 2017-01-22 19:29:41.795 [main] BeanNameUrlHandlerMapping - Rejected bean name 'org.springframework.boot.autoconfigure.web.ErrorMvcAutoConfiguration': no URL paths identified
[DEBUG] 2017-01-22 19:29:41.795 [main] BeanNameUrlHandlerMapping - Rejected bean name 'errorAttributes': no URL paths identified
[DEBUG] 2017-01-22 19:29:41.796 [main] BeanNameUrlHandlerMapping - Rejected bean name 'basicErrorController': no URL paths identified
[DEBUG] 2017-01-22 19:29:41.796 [main] BeanNameUrlHandlerMapping - Rejected bean name 'errorPageCustomizer': no URL paths identified
[DEBUG] 2017-01-22 19:29:41.796 [main] BeanNameUrlHandlerMapping - Rejected bean name 'conventionErrorViewResolver': no URL paths identified
[DEBUG] 2017-01-22 19:29:41.796 [main] BeanNameUrlHandlerMapping - Rejected bean name 'preserveErrorControllerTargetClassPostProcessor': no URL paths identified
[DEBUG] 2017-01-22 19:29:41.797 [main] BeanNameUrlHandlerMapping - Rejected bean name 'spring.resources-org.springframework.boot.autoconfigure.web.ResourceProperties': no URL paths identified
[DEBUG] 2017-01-22 19:29:41.797 [main] BeanNameUrlHandlerMapping - Rejected bean name 'org.springframework.boot.autoconfigure.web.WebMvcAutoConfiguration$EnableWebMvcConfiguration': no URL paths identified
[DEBUG] 2017-01-22 19:29:41.797 [main] BeanNameUrlHandlerMapping - Rejected bean name 'requestMappingHandlerAdapter': no URL paths identified
[DEBUG] 2017-01-22 19:29:41.797 [main] BeanNameUrlHandlerMapping - Rejected bean name 'requestMappingHandlerMapping': no URL paths identified
[DEBUG] 2017-01-22 19:29:41.797 [main] BeanNameUrlHandlerMapping - Rejected bean name 'mvcPathMatcher': no URL paths identified
[DEBUG] 2017-01-22 19:29:41.797 [main] BeanNameUrlHandlerMapping - Rejected bean name 'mvcUrlPathHelper': no URL paths identified
[DEBUG] 2017-01-22 19:29:41.798 [main] BeanNameUrlHandlerMapping - Rejected bean name 'mvcContentNegotiationManager': no URL paths identified
[DEBUG] 2017-01-22 19:29:41.798 [main] BeanNameUrlHandlerMapping - Rejected bean name 'viewControllerHandlerMapping': no URL paths identified
[DEBUG] 2017-01-22 19:29:41.798 [main] BeanNameUrlHandlerMapping - Rejected bean name 'beanNameHandlerMapping': no URL paths identified
[DEBUG] 2017-01-22 19:29:41.798 [main] BeanNameUrlHandlerMapping - Rejected bean name 'resourceHandlerMapping': no URL paths identified
[DEBUG] 2017-01-22 19:29:41.798 [main] BeanNameUrlHandlerMapping - Rejected bean name 'mvcResourceUrlProvider': no URL paths identified
[DEBUG] 2017-01-22 19:29:41.798 [main] BeanNameUrlHandlerMapping - Rejected bean name 'defaultServletHandlerMapping': no URL paths identified
[DEBUG] 2017-01-22 19:29:41.798 [main] BeanNameUrlHandlerMapping - Rejected bean name 'mvcConversionService': no URL paths identified
[DEBUG] 2017-01-22 19:29:41.798 [main] BeanNameUrlHandlerMapping - Rejected bean name 'mvcValidator': no URL paths identified
[DEBUG] 2017-01-22 19:29:41.798 [main] BeanNameUrlHandlerMapping - Rejected bean name 'mvcUriComponentsContributor': no URL paths identified
[DEBUG] 2017-01-22 19:29:41.798 [main] BeanNameUrlHandlerMapping - Rejected bean name 'httpRequestHandlerAdapter': no URL paths identified
[DEBUG] 2017-01-22 19:29:41.798 [main] BeanNameUrlHandlerMapping - Rejected bean name 'simpleControllerHandlerAdapter': no URL paths identified
[DEBUG] 2017-01-22 19:29:41.798 [main] BeanNameUrlHandlerMapping - Rejected bean name 'handlerExceptionResolver': no URL paths identified
[DEBUG] 2017-01-22 19:29:41.798 [main] BeanNameUrlHandlerMapping - Rejected bean name 'mvcViewResolver': no URL paths identified
[DEBUG] 2017-01-22 19:29:41.798 [main] BeanNameUrlHandlerMapping - Rejected bean name 'org.springframework.boot.autoconfigure.web.WebMvcAutoConfiguration$WebMvcAutoConfigurationAdapter$FaviconConfiguration': no URL paths identified
[DEBUG] 2017-01-22 19:29:41.798 [main] BeanNameUrlHandlerMapping - Rejected bean name 'faviconHandlerMapping': no URL paths identified
[DEBUG] 2017-01-22 19:29:41.799 [main] BeanNameUrlHandlerMapping - Rejected bean name 'faviconRequestHandler': no URL paths identified
[DEBUG] 2017-01-22 19:29:41.799 [main] BeanNameUrlHandlerMapping - Rejected bean name 'org.springframework.boot.autoconfigure.web.WebMvcAutoConfiguration$WebMvcAutoConfigurationAdapter': no URL paths identified
[DEBUG] 2017-01-22 19:29:41.799 [main] BeanNameUrlHandlerMapping - Rejected bean name 'defaultViewResolver': no URL paths identified
[DEBUG] 2017-01-22 19:29:41.799 [main] BeanNameUrlHandlerMapping - Rejected bean name 'viewResolver': no URL paths identified
[DEBUG] 2017-01-22 19:29:41.799 [main] BeanNameUrlHandlerMapping - Rejected bean name 'welcomePageHandlerMapping': no URL paths identified
[DEBUG] 2017-01-22 19:29:41.799 [main] BeanNameUrlHandlerMapping - Rejected bean name 'requestContextFilter': no URL paths identified
[DEBUG] 2017-01-22 19:29:41.799 [main] BeanNameUrlHandlerMapping - Rejected bean name 'org.springframework.boot.autoconfigure.web.WebMvcAutoConfiguration': no URL paths identified
[DEBUG] 2017-01-22 19:29:41.799 [main] BeanNameUrlHandlerMapping - Rejected bean name 'hiddenHttpMethodFilter': no URL paths identified
[DEBUG] 2017-01-22 19:29:41.799 [main] BeanNameUrlHandlerMapping - Rejected bean name 'httpPutFormContentFilter': no URL paths identified
[DEBUG] 2017-01-22 19:29:41.799 [main] BeanNameUrlHandlerMapping - Rejected bean name 'org.springframework.boot.autoconfigure.jmx.JmxAutoConfiguration': no URL paths identified
[DEBUG] 2017-01-22 19:29:41.799 [main] BeanNameUrlHandlerMapping - Rejected bean name 'mbeanExporter': no URL paths identified
[DEBUG] 2017-01-22 19:29:41.799 [main] BeanNameUrlHandlerMapping - Rejected bean name 'objectNamingStrategy': no URL paths identified
[DEBUG] 2017-01-22 19:29:41.799 [main] BeanNameUrlHandlerMapping - Rejected bean name 'mbeanServer': no URL paths identified
[DEBUG] 2017-01-22 19:29:41.799 [main] BeanNameUrlHandlerMapping - Rejected bean name 'org.springframework.boot.autoconfigure.aop.AopAutoConfiguration$JdkDynamicAutoProxyConfiguration': no URL paths identified
[DEBUG] 2017-01-22 19:29:41.799 [main] BeanNameUrlHandlerMapping - Rejected bean name 'org.springframework.aop.config.internalAutoProxyCreator': no URL paths identified
[DEBUG] 2017-01-22 19:29:41.800 [main] BeanNameUrlHandlerMapping - Rejected bean name 'org.springframework.boot.autoconfigure.aop.AopAutoConfiguration': no URL paths identified
[DEBUG] 2017-01-22 19:29:41.800 [main] BeanNameUrlHandlerMapping - Rejected bean name 'org.springframework.boot.autoconfigure.transaction.jta.JtaAutoConfiguration': no URL paths identified
[DEBUG] 2017-01-22 19:29:41.800 [main] BeanNameUrlHandlerMapping - Rejected bean name 'spring.jta-org.springframework.boot.autoconfigure.transaction.jta.JtaProperties': no URL paths identified
[DEBUG] 2017-01-22 19:29:41.800 [main] BeanNameUrlHandlerMapping - Rejected bean name 'org.springframework.boot.autoconfigure.jdbc.DataSourceConfiguration$Tomcat': no URL paths identified
[DEBUG] 2017-01-22 19:29:41.808 [main] BeanNameUrlHandlerMapping - Rejected bean name 'dataSource': no URL paths identified
[DEBUG] 2017-01-22 19:29:41.808 [main] BeanNameUrlHandlerMapping - Rejected bean name 'org.springframework.boot.autoconfigure.jdbc.DataSourceAutoConfiguration$PooledDataSourceConfiguration': no URL paths identified
[DEBUG] 2017-01-22 19:29:41.808 [main] BeanNameUrlHandlerMapping - Rejected bean name 'org.springframework.boot.autoconfigure.jdbc.metadata.DataSourcePoolMetadataProvidersConfiguration$TomcatDataSourcePoolMetadataProviderConfiguration': no URL paths identified
[DEBUG] 2017-01-22 19:29:41.808 [main] BeanNameUrlHandlerMapping - Rejected bean name 'tomcatPoolDataSourceMetadataProvider': no URL paths identified
[DEBUG] 2017-01-22 19:29:41.808 [main] BeanNameUrlHandlerMapping - Rejected bean name 'org.springframework.boot.autoconfigure.jdbc.metadata.DataSourcePoolMetadataProvidersConfiguration': no URL paths identified
[DEBUG] 2017-01-22 19:29:41.809 [main] BeanNameUrlHandlerMapping - Rejected bean name 'org.springframework.boot.autoconfigure.jdbc.DataSourceAutoConfiguration': no URL paths identified
[DEBUG] 2017-01-22 19:29:41.809 [main] BeanNameUrlHandlerMapping - Rejected bean name 'dataSourceInitializer': no URL paths identified
[DEBUG] 2017-01-22 19:29:41.809 [main] BeanNameUrlHandlerMapping - Rejected bean name 'spring.datasource-org.springframework.boot.autoconfigure.jdbc.DataSourceProperties': no URL paths identified
[DEBUG] 2017-01-22 19:29:41.809 [main] BeanNameUrlHandlerMapping - Rejected bean name 'dataSourceInitializerPostProcessor': no URL paths identified
[DEBUG] 2017-01-22 19:29:41.809 [main] BeanNameUrlHandlerMapping - Rejected bean name 'org.springframework.boot.autoconfigure.orm.jpa.JpaBaseConfiguration$JpaWebConfiguration$JpaWebMvcConfiguration': no URL paths identified
[DEBUG] 2017-01-22 19:29:41.809 [main] BeanNameUrlHandlerMapping - Rejected bean name 'openEntityManagerInViewInterceptor': no URL paths identified
[DEBUG] 2017-01-22 19:29:41.809 [main] BeanNameUrlHandlerMapping - Rejected bean name 'org.springframework.boot.autoconfigure.orm.jpa.JpaBaseConfiguration$JpaWebConfiguration': no URL paths identified
[DEBUG] 2017-01-22 19:29:41.809 [main] BeanNameUrlHandlerMapping - Rejected bean name 'org.springframework.boot.autoconfigure.orm.jpa.HibernateJpaAutoConfiguration': no URL paths identified
[DEBUG] 2017-01-22 19:29:41.810 [main] BeanNameUrlHandlerMapping - Rejected bean name 'transactionManager': no URL paths identified
[DEBUG] 2017-01-22 19:29:41.810 [main] BeanNameUrlHandlerMapping - Rejected bean name 'jpaVendorAdapter': no URL paths identified
[DEBUG] 2017-01-22 19:29:41.810 [main] BeanNameUrlHandlerMapping - Rejected bean name 'entityManagerFactoryBuilder': no URL paths identified
[DEBUG] 2017-01-22 19:29:41.810 [main] BeanNameUrlHandlerMapping - Rejected bean name 'entityManagerFactory': no URL paths identified
[DEBUG] 2017-01-22 19:29:41.810 [main] BeanNameUrlHandlerMapping - Rejected bean name 'spring.jpa-org.springframework.boot.autoconfigure.orm.jpa.JpaProperties': no URL paths identified
[DEBUG] 2017-01-22 19:29:41.810 [main] BeanNameUrlHandlerMapping - Rejected bean name 'dataSourceInitializedPublisher': no URL paths identified
[DEBUG] 2017-01-22 19:29:41.811 [main] BeanNameUrlHandlerMapping - Rejected bean name 'org.springframework.boot.autoconfigure.context.ConfigurationPropertiesAutoConfiguration': no URL paths identified
[DEBUG] 2017-01-22 19:29:41.811 [main] BeanNameUrlHandlerMapping - Rejected bean name 'org.springframework.boot.autoconfigure.dao.PersistenceExceptionTranslationAutoConfiguration': no URL paths identified
[DEBUG] 2017-01-22 19:29:41.811 [main] BeanNameUrlHandlerMapping - Rejected bean name 'persistenceExceptionTranslationPostProcessor': no URL paths identified
[DEBUG] 2017-01-22 19:29:41.811 [main] BeanNameUrlHandlerMapping - Rejected bean name 'org.springframework.boot.autoconfigure.data.jpa.JpaRepositoriesAutoConfiguration': no URL paths identified
[DEBUG] 2017-01-22 19:29:41.812 [main] BeanNameUrlHandlerMapping - Rejected bean name 'org.springframework.data.repository.core.support.RepositoryFactoryBeanSupport_Predictor': no URL paths identified
[DEBUG] 2017-01-22 19:29:41.812 [main] BeanNameUrlHandlerMapping - Rejected bean name 'emBeanDefinitionRegistrarPostProcessor': no URL paths identified
[DEBUG] 2017-01-22 19:29:41.812 [main] BeanNameUrlHandlerMapping - Rejected bean name 'jpaMappingContext': no URL paths identified
[DEBUG] 2017-01-22 19:29:41.812 [main] BeanNameUrlHandlerMapping - Rejected bean name 'jpaContext': no URL paths identified
[DEBUG] 2017-01-22 19:29:41.812 [main] BeanNameUrlHandlerMapping - Rejected bean name 'sysRolesDao': no URL paths identified
[DEBUG] 2017-01-22 19:29:41.812 [main] BeanNameUrlHandlerMapping - Rejected bean name 'sysUserDao': no URL paths identified
[DEBUG] 2017-01-22 19:29:41.812 [main] BeanNameUrlHandlerMapping - Rejected bean name 'sysAuthorizationDao': no URL paths identified
[DEBUG] 2017-01-22 19:29:41.812 [main] BeanNameUrlHandlerMapping - Rejected bean name 'sysUserRolesDao': no URL paths identified
[DEBUG] 2017-01-22 19:29:41.812 [main] BeanNameUrlHandlerMapping - Rejected bean name 'org.springframework.boot.autoconfigure.web.HttpMessageConvertersAutoConfiguration$StringHttpMessageConverterConfiguration': no URL paths identified
[DEBUG] 2017-01-22 19:29:41.813 [main] BeanNameUrlHandlerMapping - Rejected bean name 'stringHttpMessageConverter': no URL paths identified
[DEBUG] 2017-01-22 19:29:41.824 [main] BeanNameUrlHandlerMapping - Rejected bean name 'spring.http.encoding-org.springframework.boot.autoconfigure.web.HttpEncodingProperties': no URL paths identified
[DEBUG] 2017-01-22 19:29:41.824 [main] BeanNameUrlHandlerMapping - Rejected bean name 'org.springframework.boot.autoconfigure.web.JacksonHttpMessageConvertersConfiguration$MappingJackson2HttpMessageConverterConfiguration': no URL paths identified
[DEBUG] 2017-01-22 19:29:41.824 [main] BeanNameUrlHandlerMapping - Rejected bean name 'mappingJackson2HttpMessageConverter': no URL paths identified
[DEBUG] 2017-01-22 19:29:41.831 [main] BeanNameUrlHandlerMapping - Rejected bean name 'org.springframework.boot.autoconfigure.web.JacksonHttpMessageConvertersConfiguration': no URL paths identified
[DEBUG] 2017-01-22 19:29:41.831 [main] BeanNameUrlHandlerMapping - Rejected bean name 'org.springframework.boot.autoconfigure.web.HttpMessageConvertersAutoConfiguration': no URL paths identified
[DEBUG] 2017-01-22 19:29:41.832 [main] BeanNameUrlHandlerMapping - Rejected bean name 'messageConverters': no URL paths identified
[DEBUG] 2017-01-22 19:29:41.832 [main] BeanNameUrlHandlerMapping - Rejected bean name 'org.springframework.data.web.config.SpringDataWebConfiguration': no URL paths identified
[DEBUG] 2017-01-22 19:29:41.832 [main] BeanNameUrlHandlerMapping - Rejected bean name 'pageableResolver': no URL paths identified
[DEBUG] 2017-01-22 19:29:41.832 [main] BeanNameUrlHandlerMapping - Rejected bean name 'sortResolver': no URL paths identified
[DEBUG] 2017-01-22 19:29:41.832 [main] BeanNameUrlHandlerMapping - Rejected bean name 'org.springframework.data.web.config.SpringDataJacksonConfiguration': no URL paths identified
[DEBUG] 2017-01-22 19:29:41.832 [main] BeanNameUrlHandlerMapping - Rejected bean name 'jacksonGeoModule': no URL paths identified
[DEBUG] 2017-01-22 19:29:41.832 [main] BeanNameUrlHandlerMapping - Rejected bean name 'org.springframework.boot.autoconfigure.data.web.SpringDataWebAutoConfiguration': no URL paths identified
[DEBUG] 2017-01-22 19:29:41.832 [main] BeanNameUrlHandlerMapping - Rejected bean name 'org.springframework.boot.autoconfigure.freemarker.FreeMarkerAutoConfiguration$FreeMarkerWebConfiguration': no URL paths identified
[DEBUG] 2017-01-22 19:29:41.832 [main] BeanNameUrlHandlerMapping - Rejected bean name 'freeMarkerConfigurer': no URL paths identified
[DEBUG] 2017-01-22 19:29:41.832 [main] BeanNameUrlHandlerMapping - Rejected bean name 'freeMarkerConfiguration': no URL paths identified
[DEBUG] 2017-01-22 19:29:41.832 [main] BeanNameUrlHandlerMapping - Rejected bean name 'freeMarkerViewResolver': no URL paths identified
[DEBUG] 2017-01-22 19:29:41.832 [main] BeanNameUrlHandlerMapping - Rejected bean name 'org.springframework.boot.autoconfigure.freemarker.FreeMarkerAutoConfiguration': no URL paths identified
[DEBUG] 2017-01-22 19:29:41.832 [main] BeanNameUrlHandlerMapping - Rejected bean name 'spring.freemarker-org.springframework.boot.autoconfigure.freemarker.FreeMarkerProperties': no URL paths identified
[DEBUG] 2017-01-22 19:29:41.833 [main] BeanNameUrlHandlerMapping - Rejected bean name 'org.springframework.boot.autoconfigure.security.AuthenticationManagerConfiguration$AuthenticationManagerConfigurationListener': no URL paths identified
[DEBUG] 2017-01-22 19:29:41.833 [main] BeanNameUrlHandlerMapping - Rejected bean name 'org.springframework.boot.autoconfigure.security.AuthenticationManagerConfiguration': no URL paths identified
[DEBUG] 2017-01-22 19:29:41.833 [main] BeanNameUrlHandlerMapping - Rejected bean name 'authenticationManager': no URL paths identified
[DEBUG] 2017-01-22 19:29:41.833 [main] BeanNameUrlHandlerMapping - Rejected bean name 'springBootAuthenticationConfigurerAdapter': no URL paths identified
[DEBUG] 2017-01-22 19:29:41.833 [main] BeanNameUrlHandlerMapping - Rejected bean name 'org.springframework.boot.autoconfigure.security.BootGlobalAuthenticationConfiguration': no URL paths identified
[DEBUG] 2017-01-22 19:29:41.833 [main] BeanNameUrlHandlerMapping - Rejected bean name 'bootGlobalAuthenticationConfigurationAdapter': no URL paths identified
[DEBUG] 2017-01-22 19:29:41.833 [main] BeanNameUrlHandlerMapping - Rejected bean name 'org.springframework.boot.autoconfigure.security.SecurityAutoConfiguration': no URL paths identified
[DEBUG] 2017-01-22 19:29:41.833 [main] BeanNameUrlHandlerMapping - Rejected bean name 'authenticationEventPublisher': no URL paths identified
[DEBUG] 2017-01-22 19:29:41.833 [main] BeanNameUrlHandlerMapping - Rejected bean name 'securityProperties': no URL paths identified
[DEBUG] 2017-01-22 19:29:41.833 [main] BeanNameUrlHandlerMapping - Rejected bean name 'org.springframework.boot.autoconfigure.info.ProjectInfoAutoConfiguration': no URL paths identified
[DEBUG] 2017-01-22 19:29:41.833 [main] BeanNameUrlHandlerMapping - Rejected bean name 'spring.info-org.springframework.boot.autoconfigure.info.ProjectInfoProperties': no URL paths identified
[DEBUG] 2017-01-22 19:29:41.833 [main] BeanNameUrlHandlerMapping - Rejected bean name 'org.springframework.transaction.annotation.ProxyTransactionManagementConfiguration': no URL paths identified
[DEBUG] 2017-01-22 19:29:41.833 [main] BeanNameUrlHandlerMapping - Rejected bean name 'org.springframework.transaction.config.internalTransactionAdvisor': no URL paths identified
[DEBUG] 2017-01-22 19:29:41.833 [main] BeanNameUrlHandlerMapping - Rejected bean name 'transactionAttributeSource': no URL paths identified
[DEBUG] 2017-01-22 19:29:41.833 [main] BeanNameUrlHandlerMapping - Rejected bean name 'transactionInterceptor': no URL paths identified
[DEBUG] 2017-01-22 19:29:41.834 [main] BeanNameUrlHandlerMapping - Rejected bean name 'org.springframework.transaction.config.internalTransactionalEventListenerFactory': no URL paths identified
[DEBUG] 2017-01-22 19:29:41.834 [main] BeanNameUrlHandlerMapping - Rejected bean name 'org.springframework.boot.autoconfigure.jdbc.DataSourceTransactionManagerAutoConfiguration$TransactionManagementConfiguration': no URL paths identified
[DEBUG] 2017-01-22 19:29:41.834 [main] BeanNameUrlHandlerMapping - Rejected bean name 'org.springframework.boot.autoconfigure.jdbc.DataSourceTransactionManagerAutoConfiguration$DataSourceTransactionManagerConfiguration': no URL paths identified
[DEBUG] 2017-01-22 19:29:41.834 [main] BeanNameUrlHandlerMapping - Rejected bean name 'org.springframework.boot.autoconfigure.jdbc.DataSourceTransactionManagerAutoConfiguration': no URL paths identified
[DEBUG] 2017-01-22 19:29:41.834 [main] BeanNameUrlHandlerMapping - Rejected bean name 'org.springframework.boot.autoconfigure.jdbc.JdbcTemplateAutoConfiguration': no URL paths identified
[DEBUG] 2017-01-22 19:29:41.834 [main] BeanNameUrlHandlerMapping - Rejected bean name 'jdbcTemplate': no URL paths identified
[DEBUG] 2017-01-22 19:29:41.834 [main] BeanNameUrlHandlerMapping - Rejected bean name 'namedParameterJdbcTemplate': no URL paths identified
[DEBUG] 2017-01-22 19:29:41.834 [main] BeanNameUrlHandlerMapping - Rejected bean name 'org.springframework.boot.autoconfigure.security.SecurityFilterAutoConfiguration': no URL paths identified
[DEBUG] 2017-01-22 19:29:41.834 [main] BeanNameUrlHandlerMapping - Rejected bean name 'securityFilterChainRegistration': no URL paths identified
[DEBUG] 2017-01-22 19:29:41.834 [main] BeanNameUrlHandlerMapping - Rejected bean name 'org.springframework.boot.autoconfigure.transaction.TransactionAutoConfiguration': no URL paths identified
[DEBUG] 2017-01-22 19:29:41.834 [main] BeanNameUrlHandlerMapping - Rejected bean name 'transactionTemplate': no URL paths identified
[DEBUG] 2017-01-22 19:29:41.834 [main] BeanNameUrlHandlerMapping - Rejected bean name 'org.springframework.boot.autoconfigure.web.HttpEncodingAutoConfiguration': no URL paths identified
[DEBUG] 2017-01-22 19:29:41.834 [main] BeanNameUrlHandlerMapping - Rejected bean name 'characterEncodingFilter': no URL paths identified
[DEBUG] 2017-01-22 19:29:41.835 [main] BeanNameUrlHandlerMapping - Rejected bean name 'localeCharsetMappingsCustomizer': no URL paths identified
[DEBUG] 2017-01-22 19:29:41.835 [main] BeanNameUrlHandlerMapping - Rejected bean name 'org.springframework.boot.autoconfigure.web.MultipartAutoConfiguration': no URL paths identified
[DEBUG] 2017-01-22 19:29:41.835 [main] BeanNameUrlHandlerMapping - Rejected bean name 'multipartConfigElement': no URL paths identified
[DEBUG] 2017-01-22 19:29:41.835 [main] BeanNameUrlHandlerMapping - Rejected bean name 'multipartResolver': no URL paths identified
[DEBUG] 2017-01-22 19:29:41.835 [main] BeanNameUrlHandlerMapping - Rejected bean name 'spring.http.multipart-org.springframework.boot.autoconfigure.web.MultipartProperties': no URL paths identified
[DEBUG] 2017-01-22 19:29:41.835 [main] BeanNameUrlHandlerMapping - Rejected bean name 'org.springframework.boot.autoconfigure.web.ServerPropertiesAutoConfiguration': no URL paths identified
[DEBUG] 2017-01-22 19:29:41.835 [main] BeanNameUrlHandlerMapping - Rejected bean name 'serverProperties': no URL paths identified
[DEBUG] 2017-01-22 19:29:41.835 [main] BeanNameUrlHandlerMapping - Rejected bean name 'duplicateServerPropertiesDetector': no URL paths identified
[DEBUG] 2017-01-22 19:29:41.835 [main] BeanNameUrlHandlerMapping - Rejected bean name 'org.springframework.boot.autoconfigure.web.WebClientAutoConfiguration$RestTemplateConfiguration': no URL paths identified
[DEBUG] 2017-01-22 19:29:41.835 [main] BeanNameUrlHandlerMapping - Rejected bean name 'restTemplateBuilder': no URL paths identified
[DEBUG] 2017-01-22 19:29:41.835 [main] BeanNameUrlHandlerMapping - Rejected bean name 'org.springframework.boot.autoconfigure.web.WebClientAutoConfiguration': no URL paths identified
[DEBUG] 2017-01-22 19:29:41.836 [main] BeanNameUrlHandlerMapping - Rejected bean name 'org.springframework.orm.jpa.SharedEntityManagerCreator#0': no URL paths identified
[DEBUG] 2017-01-22 19:29:41.836 [main] BeanNameUrlHandlerMapping - Rejected bean name 'autoConfigurationReport': no URL paths identified
[DEBUG] 2017-01-22 19:29:41.836 [main] BeanNameUrlHandlerMapping - Rejected bean name 'springApplicationArguments': no URL paths identified
[DEBUG] 2017-01-22 19:29:41.836 [main] BeanNameUrlHandlerMapping - Rejected bean name 'springBootBanner': no URL paths identified
[DEBUG] 2017-01-22 19:29:41.836 [main] BeanNameUrlHandlerMapping - Rejected bean name 'springBootLoggingSystem': no URL paths identified
[DEBUG] 2017-01-22 19:29:41.836 [main] BeanNameUrlHandlerMapping - Rejected bean name 'environment': no URL paths identified
[DEBUG] 2017-01-22 19:29:41.836 [main] BeanNameUrlHandlerMapping - Rejected bean name 'systemProperties': no URL paths identified
[DEBUG] 2017-01-22 19:29:41.836 [main] BeanNameUrlHandlerMapping - Rejected bean name 'systemEnvironment': no URL paths identified
[DEBUG] 2017-01-22 19:29:41.836 [main] BeanNameUrlHandlerMapping - Rejected bean name 'org.springframework.context.annotation.ConfigurationClassPostProcessor.importRegistry': no URL paths identified
[DEBUG] 2017-01-22 19:29:41.836 [main] BeanNameUrlHandlerMapping - Rejected bean name 'messageSource': no URL paths identified
[DEBUG] 2017-01-22 19:29:41.836 [main] BeanNameUrlHandlerMapping - Rejected bean name 'applicationEventMulticaster': no URL paths identified
[DEBUG] 2017-01-22 19:29:41.836 [main] BeanNameUrlHandlerMapping - Rejected bean name 'servletContext': no URL paths identified
[DEBUG] 2017-01-22 19:29:41.837 [main] BeanNameUrlHandlerMapping - Rejected bean name 'contextParameters': no URL paths identified
[DEBUG] 2017-01-22 19:29:41.837 [main] BeanNameUrlHandlerMapping - Rejected bean name 'contextAttributes': no URL paths identified
[INFO ] 2017-01-22 19:29:41.869 [main] SimpleUrlHandlerMapping - Mapped URL path [/webjars/**] onto handler of type [class org.springframework.web.servlet.resource.ResourceHttpRequestHandler]
[INFO ] 2017-01-22 19:29:41.869 [main] SimpleUrlHandlerMapping - Mapped URL path [/**] onto handler of type [class org.springframework.web.servlet.resource.ResourceHttpRequestHandler]
[DEBUG] 2017-01-22 19:29:41.886 [main] ExceptionHandlerExceptionResolver - Looking for exception mappings: org.springframework.boot.context.embedded.AnnotationConfigEmbeddedWebApplicationContext@27795647: startup date [Sun Jan 22 19:29:33 WIB 2017]; root of context hierarchy
[INFO ] 2017-01-22 19:29:41.922 [main] SimpleUrlHandlerMapping - Mapped URL path [/**/favicon.ico] onto handler of type [class org.springframework.web.servlet.resource.ResourceHttpRequestHandler]
[DEBUG] 2017-01-22 19:29:42.257 [main] FreeMarkerConfigurer - Template loader path [ServletContext resource [/]] resolved to file path [/media/ari-prasetiyo/ae9fa562-7875-470a-a44a-18829c16dc0f/PROJECT/GITHUB/HR-APPLICATION-WITH-SPRING/HR-APPLICATION-WITH-SPRING/src/main/webapp]
[INFO ] 2017-01-22 19:29:42.258 [main] FreeMarkerConfigurer - ClassTemplateLoader for Spring macros added to FreeMarker configuration
[DEBUG] 2017-01-22 19:29:42.528 [main] ResourceUrlProvider - Looking for resource handler mappings
[DEBUG] 2017-01-22 19:29:42.529 [main] ResourceUrlProvider - Found resource handler mapping: URL pattern="/**/favicon.ico", locations=[ServletContext resource [/], class path resource [META-INF/resources/], class path resource [resources/], class path resource [static/], class path resource [public/], class path resource []], resolvers=[org.springframework.web.servlet.resource.PathResourceResolver@2812e11d]
[DEBUG] 2017-01-22 19:29:42.529 [main] ResourceUrlProvider - Found resource handler mapping: URL pattern="/webjars/**", locations=[class path resource [META-INF/resources/webjars/]], resolvers=[org.springframework.web.servlet.resource.PathResourceResolver@57b91f46]
[DEBUG] 2017-01-22 19:29:42.530 [main] ResourceUrlProvider - Found resource handler mapping: URL pattern="/**", locations=[ServletContext resource [/], class path resource [META-INF/resources/], class path resource [resources/], class path resource [static/], class path resource [public/]], resolvers=[org.springframework.web.servlet.resource.PathResourceResolver@50946ac6]
[DEBUG] 2017-01-22 19:29:42.605 [main] StandardServletEnvironment - Adding [server.ports] PropertySource with highest search precedence
[DEBUG] 2017-01-22 19:30:19.246 [http-nio-8080-exec-1] DispatcherServlet - Initializing servlet 'dispatcherServlet'
[INFO ] 2017-01-22 19:30:19.248 [http-nio-8080-exec-1] DispatcherServlet - FrameworkServlet 'dispatcherServlet': initialization started
[DEBUG] 2017-01-22 19:30:19.249 [http-nio-8080-exec-1] DispatcherServlet - Using MultipartResolver [org.springframework.web.multipart.support.StandardServletMultipartResolver@32e20883]
[DEBUG] 2017-01-22 19:30:19.252 [http-nio-8080-exec-1] DispatcherServlet - Unable to locate LocaleResolver with name 'localeResolver': using default [org.springframework.web.servlet.i18n.AcceptHeaderLocaleResolver@61406ffd]
[DEBUG] 2017-01-22 19:30:19.256 [http-nio-8080-exec-1] DispatcherServlet - Unable to locate ThemeResolver with name 'themeResolver': using default [org.springframework.web.servlet.theme.FixedThemeResolver@7bbe8203]
[DEBUG] 2017-01-22 19:30:19.264 [http-nio-8080-exec-1] DispatcherServlet - Unable to locate RequestToViewNameTranslator with name 'viewNameTranslator': using default [org.springframework.web.servlet.view.DefaultRequestToViewNameTranslator@42051c4e]
[DEBUG] 2017-01-22 19:30:19.270 [http-nio-8080-exec-1] DispatcherServlet - Unable to locate FlashMapManager with name 'flashMapManager': using default [org.springframework.web.servlet.support.SessionFlashMapManager@56ba8b57]
[DEBUG] 2017-01-22 19:30:19.270 [http-nio-8080-exec-1] DispatcherServlet - Published WebApplicationContext of servlet 'dispatcherServlet' as ServletContext attribute with name [org.springframework.web.servlet.FrameworkServlet.CONTEXT.dispatcherServlet]
[INFO ] 2017-01-22 19:30:19.270 [http-nio-8080-exec-1] DispatcherServlet - FrameworkServlet 'dispatcherServlet': initialization completed in 21 ms
[DEBUG] 2017-01-22 19:30:19.270 [http-nio-8080-exec-1] DispatcherServlet - Servlet 'dispatcherServlet' configured successfully
[DEBUG] 2017-01-22 19:30:19.305 [http-nio-8080-exec-1] DispatcherServlet - DispatcherServlet with name 'dispatcherServlet' processing GET request for [/login]
[DEBUG] 2017-01-22 19:30:19.309 [http-nio-8080-exec-1] RequestMappingHandlerMapping - Looking up handler method for path /login
[DEBUG] 2017-01-22 19:30:19.312 [http-nio-8080-exec-1] RequestMappingHandlerMapping - Returning handler method [public org.springframework.web.servlet.ModelAndView ari.com.hr.application.controller.LoginController.login(java.lang.String,java.lang.String)]
[DEBUG] 2017-01-22 19:30:19.313 [http-nio-8080-exec-1] DispatcherServlet - Last-Modified value for [/login] is: -1
[DEBUG] 2017-01-22 19:30:19.339 [http-nio-8080-exec-1] ContentNegotiatingViewResolver - Requested media types are [text/html, application/xhtml+xml, image/webp, application/xml;q=0.9, */*;q=0.8] based on Accept header types and producible media types [*/*])
[DEBUG] 2017-01-22 19:30:19.339 [http-nio-8080-exec-1] BeanNameViewResolver - No matching bean found for view name 'login/login'
[DEBUG] 2017-01-22 19:30:19.527 [http-nio-8080-exec-1] ContentNegotiatingViewResolver - Returning [org.springframework.web.servlet.view.freemarker.FreeMarkerView: name 'login/login'; URL [login/login.html]] based on requested media type 'text/html'
[DEBUG] 2017-01-22 19:30:19.528 [http-nio-8080-exec-1] DispatcherServlet - Rendering view [org.springframework.web.servlet.view.freemarker.FreeMarkerView: name 'login/login'; URL [login/login.html]] in DispatcherServlet with name 'dispatcherServlet'
[DEBUG] 2017-01-22 19:30:19.530 [http-nio-8080-exec-1] FreeMarkerView - Added model object 'springMacroRequestContext' of type [org.springframework.web.servlet.support.RequestContext] to request in view with name 'login/login'
[DEBUG] 2017-01-22 19:30:19.533 [http-nio-8080-exec-1] FreeMarkerView - Rendering FreeMarker template [login/login.html] in FreeMarkerView 'login/login'
[DEBUG] 2017-01-22 19:30:19.607 [http-nio-8080-exec-1] DispatcherServlet - Successfully completed request
[DEBUG] 2017-01-22 19:30:19.721 [http-nio-8080-exec-2] DispatcherServlet - DispatcherServlet with name 'dispatcherServlet' processing GET request for [/login]
[DEBUG] 2017-01-22 19:30:19.721 [http-nio-8080-exec-2] RequestMappingHandlerMapping - Looking up handler method for path /login
[DEBUG] 2017-01-22 19:30:19.721 [http-nio-8080-exec-2] RequestMappingHandlerMapping - Returning handler method [public org.springframework.web.servlet.ModelAndView ari.com.hr.application.controller.LoginController.login(java.lang.String,java.lang.String)]
[DEBUG] 2017-01-22 19:30:19.722 [http-nio-8080-exec-2] DispatcherServlet - Last-Modified value for [/login] is: -1
[DEBUG] 2017-01-22 19:30:19.723 [http-nio-8080-exec-2] ContentNegotiatingViewResolver - Requested media types are [*/*] based on Accept header types and producible media types [*/*])
[DEBUG] 2017-01-22 19:30:19.723 [http-nio-8080-exec-2] BeanNameViewResolver - No matching bean found for view name 'login/login'
[DEBUG] 2017-01-22 19:30:19.724 [http-nio-8080-exec-2] ContentNegotiatingViewResolver - Returning [org.springframework.web.servlet.view.freemarker.FreeMarkerView: name 'login/login'; URL [login/login.html]] based on requested media type '*/*'
[DEBUG] 2017-01-22 19:30:19.724 [http-nio-8080-exec-2] DispatcherServlet - Rendering view [org.springframework.web.servlet.view.freemarker.FreeMarkerView: name 'login/login'; URL [login/login.html]] in DispatcherServlet with name 'dispatcherServlet'
[DEBUG] 2017-01-22 19:30:19.724 [http-nio-8080-exec-2] FreeMarkerView - Added model object 'springMacroRequestContext' of type [org.springframework.web.servlet.support.RequestContext] to request in view with name 'login/login'
[DEBUG] 2017-01-22 19:30:19.724 [http-nio-8080-exec-2] FreeMarkerView - Rendering FreeMarker template [login/login.html] in FreeMarkerView 'login/login'
[DEBUG] 2017-01-22 19:30:19.730 [http-nio-8080-exec-2] DispatcherServlet - Successfully completed request
